<?xml version="1.0" encoding="UTF-8"?>
<!-- Generated by org.testng.reporters.JUnitXMLReporter -->
<testsuite hostname="TANVIRS-LAPTOP" ignored="0" name="Test Automation Suite Test Cases" tests="3" failures="0" timestamp="2020-11-01T13:42:36 EST" time="0.071" errors="0">
  <testcase name="@BeforeMethod setUp" time="0.006" classname="com.ap.qa.testcases.LoginPageTest">
    <failure type="java.lang.NullPointerException">
      <![CDATA[java.lang.NullPointerException
at com.ap.qa.base.TestBase.initialization(TestBase.java:45)
at com.ap.qa.testcases.LoginPageTest.setUp(LoginPageTest.java:23)
at java.util.ArrayList.forEach(Unknown Source)
... Removed 31 stack frames]]>
    </failure>
  </testcase> <!-- @BeforeMethod setUp -->
  <testcase name="@AfterMethod tearDown" time="-1.604256156104E9" classname="com.ap.qa.testcases.LoginPageTest">
    <skipped/>
  </testcase> <!-- @AfterMethod tearDown -->
  <testcase name="@BeforeMethod setyp" time="0.001" classname="com.ap.qa.testcases.ContactsTest">
    <failure type="java.lang.NullPointerException">
      <![CDATA[java.lang.NullPointerException
at com.ap.qa.base.TestBase.initialization(TestBase.java:45)
at com.ap.qa.testcases.ContactsTest.setyp(ContactsTest.java:23)
at java.util.ArrayList.forEach(Unknown Source)
... Removed 31 stack frames]]>
    </failure>
  </testcase> <!-- @BeforeMethod setyp -->
  <testcase name="@AfterMethod tearDown" time="-1.604256156113E9" classname="com.ap.qa.testcases.ContactsTest">
    <skipped/>
  </testcase> <!-- @AfterMethod tearDown -->
  <testcase name="@BeforeMethod setup" time="0.0" classname="com.ap.qa.testcases.SearchTest">
    <failure type="java.lang.NullPointerException">
      <![CDATA[java.lang.NullPointerException
at com.ap.qa.base.TestBase.initialization(TestBase.java:45)
at com.ap.qa.testcases.SearchTest.setup(SearchTest.java:24)
at java.util.ArrayList.forEach(Unknown Source)
... Removed 31 stack frames]]>
    </failure>
  </testcase> <!-- @BeforeMethod setup -->
  <testcase name="@AfterMethod tearDown" time="-1.604256156119E9" classname="com.ap.qa.testcases.SearchTest">
    <skipped/>
  </testcase> <!-- @AfterMethod tearDown -->
  <testcase name="loginTest" time="0.0" classname="com.ap.qa.testcases.LoginPageTest">
    <skipped/>
  </testcase> <!-- loginTest -->
  <testcase name="testContact" time="0.0" classname="com.ap.qa.testcases.ContactsTest">
    <skipped/>
  </testcase> <!-- testContact -->
  <testcase name="testSearchItem" time="0.0" classname="com.ap.qa.testcases.SearchTest">
    <skipped/>
  </testcase> <!-- testSearchItem -->
</testsuite> <!-- Test Automation Suite Test Cases -->
